2025-01-27 11:27:54 INFO  Utils:112 -
			[Utils] MethodGroupsHelper.sortMethods() took 0 ms.
2025-01-27 11:27:54 INFO  Utils:112 -
			[Utils] MethodGroupsHelper.collectMethodsByGroup() took 3 ms.
2025-01-27 11:27:54 INFO  Utils:112 -
			[Utils] MethodGroupsHelper.sortMethods() took 7 ms.
2025-01-27 11:27:54 INFO  Utils:112 -
			[Utils] MethodGroupsHelper.collectMethodsByGroup() took 0 ms.
2025-01-27 11:27:54 INFO  Utils:112 -
			[Utils] MethodGroupsHelper.sortMethods() took 0 ms.
2025-01-27 11:27:54 INFO  Utils:112 -
			[Utils] MethodGroupsHelper.collectMethodsByGroup() took 0 ms.
2025-01-27 11:27:54 INFO  Utils:112 -
			[Utils] MethodGroupsHelper.sortMethods() took 0 ms.
2025-01-27 11:27:54 INFO  Utils:112 -
			[Utils] MethodGroupsHelper.collectMethodsByGroup() took 0 ms.
2025-01-27 11:27:54 INFO  Utils:112 -
			[Utils] MethodGroupsHelper.sortMethods() took 0 ms.
2025-01-27 11:27:54 INFO  Utils:112 -
			[Utils] MethodGroupsHelper.collectMethodsByGroup() took 0 ms.
2025-01-27 11:27:54 INFO  Utils:112 -
			[Utils] MethodGroupsHelper.sortMethods() took 0 ms.
2025-01-27 11:27:54 INFO  Utils:112 -
			[Utils] MethodGroupsHelper.collectMethodsByGroup() took 0 ms.
2025-01-27 11:27:54 INFO  Utils:112 -
			[Utils] MethodGroupsHelper.sortMethods() took 0 ms.
2025-01-27 11:27:54 INFO  Utils:112 -
			[Utils] MethodGroupsHelper.collectMethodsByGroup() took 0 ms.
2025-01-27 11:27:54 INFO  Utils:112 -
			[Utils] MethodGroupsHelper.sortMethods() took 0 ms.
2025-01-27 11:27:54 INFO  Utils:112 -
			[Utils] MethodGroupsHelper.collectMethodsByGroup() took 0 ms.
2025-01-27 11:27:54 INFO  Utils:112 -
			[Utils] MethodGroupsHelper.sortMethods() took 0 ms.
2025-01-27 11:27:54 INFO  Utils:112 -
			[Utils] MethodGroupsHelper.collectMethodsByGroup() took 0 ms.
2025-01-27 11:27:54 INFO  Utils:112 -
			[Utils] MethodGroupsHelper.sortMethods() took 0 ms.
2025-01-27 11:27:54 INFO  Utils:112 -
			[Utils] MethodGroupsHelper.collectMethodsByGroup() took 0 ms.
2025-01-27 11:27:54 INFO  Utils:112 -
			[Utils] MethodGroupsHelper.sortMethods() took 0 ms.
2025-01-27 11:27:54 INFO  Utils:112 -
			[Utils] MethodGroupsHelper.collectMethodsByGroup() took 0 ms.
2025-01-27 11:27:54 INFO  Utils:112 -
			[Utils] MethodGroupsHelper.sortMethods() took 0 ms.
2025-01-27 11:27:54 INFO  Utils:112 -
			[TestNG] Running:
  C:\Users\Shanmugam\AppData\Local\Temp\testng-eclipse--1737277843\testng-customsuite.xml

2025-01-27 11:27:54 INFO  Utils:112 -
			[Utils] DynamicGraphHelper.createDynamicGraph() took 3 ms.
2025-01-27 11:28:13 INFO  Item_Creation_Test:55 -
			The From date is entered
2025-01-27 11:28:13 INFO  Item_Creation_Test:57 -
			The To date is started 
2025-01-27 11:28:14 INFO  Utils:112 -
			[TestNG] Time taken by org.testng.reporters.jq.Main@69228e85: 106 ms
2025-01-27 11:28:14 INFO  Utils:112 -
			[TestNG] Time taken by org.testng.reporters.FailedReporter@7a7cc52c: 1 ms
2025-01-27 11:28:14 INFO  Utils:112 -
			[TestNG] Time taken by org.testng.reporters.XMLReporter@55d9b8f0: 15 ms
2025-01-27 11:28:14 INFO  Utils:112 -
			[TestNG] Time taken by org.testng.reporters.EmailableReporter2@57402ba1: 13 ms
2025-01-27 11:28:14 INFO  Utils:112 -
			[TestNG] Time taken by org.testng.reporters.JUnitReportReporter@2418ba04: 9 ms
2025-01-27 11:28:14 INFO  Utils:112 -
			[TestNG] Time taken by org.testng.internal.ExitCodeListener@14229fa7: 0 ms
2025-01-27 12:05:02 DEBUG TestNG:82 -
			suiteXmlPath: "C:\Users\SHANMU~1\AppData\Local\Temp\testng-eclipse-1922038822\testng-customsuite.xml"
2025-01-27 12:05:02 INFO  Utils:112 -
			[Utils] MethodGroupsHelper.collectMethodsByGroup() took 1 ms.
2025-01-27 12:05:02 INFO  Utils:112 -
			[Utils] MethodGroupsHelper.sortMethods() took 2 ms.
2025-01-27 12:05:02 INFO  Utils:112 -
			[Utils] MethodGroupsHelper.collectMethodsByGroup() took 0 ms.
2025-01-27 12:05:02 INFO  Utils:112 -
			[Utils] MethodGroupsHelper.sortMethods() took 0 ms.
2025-01-27 12:05:02 INFO  Utils:112 -
			[Utils] MethodGroupsHelper.collectMethodsByGroup() took 0 ms.
2025-01-27 12:05:02 INFO  Utils:112 -
			[Utils] MethodGroupsHelper.sortMethods() took 0 ms.
2025-01-27 12:05:02 INFO  Utils:112 -
			[Utils] MethodGroupsHelper.collectMethodsByGroup() took 0 ms.
2025-01-27 12:05:02 INFO  Utils:112 -
			[Utils] MethodGroupsHelper.sortMethods() took 0 ms.
2025-01-27 12:05:02 INFO  Utils:112 -
			[Utils] MethodGroupsHelper.collectMethodsByGroup() took 3 ms.
2025-01-27 12:05:02 INFO  Utils:112 -
			[Utils] MethodGroupsHelper.sortMethods() took 7 ms.
2025-01-27 12:05:02 INFO  Utils:112 -
			[Utils] MethodGroupsHelper.collectMethodsByGroup() took 0 ms.
2025-01-27 12:05:02 INFO  Utils:112 -
			[Utils] MethodGroupsHelper.sortMethods() took 0 ms.
2025-01-27 12:05:02 INFO  Utils:112 -
			[Utils] MethodGroupsHelper.collectMethodsByGroup() took 0 ms.
2025-01-27 12:05:02 INFO  Utils:112 -
			[Utils] MethodGroupsHelper.sortMethods() took 0 ms.
2025-01-27 12:05:02 INFO  Utils:112 -
			[Utils] MethodGroupsHelper.collectMethodsByGroup() took 0 ms.
